This file contains any messages produced by compilers while
running configure, to aid debugging if configure makes a mistake.

It was created by CoinUtils configure 2.11.4, which was
generated by GNU Autoconf 2.59.  Invocation command line was

  $ /home/adair/Documents/CAD/sscs-ose-code-a-chip.github.io/ISSCC25/submitted_notebooks/current_mirror_ota_optimization/ALIGN-public/_skbuild/linux-x86_64-3.10/cmake-build/_deps/cbc-src/CoinUtils/configure --prefix=/home/adair/Documents/CAD/sscs-ose-code-a-chip.github.io/ISSCC25/submitted_notebooks/current_mirror_ota_optimization/ALIGN-public/_skbuild/linux-x86_64-3.10/cmake-build/_deps/cbc-build --enable-cbc-parallel --enable-openmp --disable-zlib --disable-bzlib --without-blas --without-lapack --enable-static --enable-shared --enable-relocatable --with-pic --prefix=/home/adair/Documents/CAD/sscs-ose-code-a-chip.github.io/ISSCC25/submitted_notebooks/current_mirror_ota_optimization/ALIGN-public/_skbuild/linux-x86_64-3.10/cmake-build/_deps/cbc-build --cache-file=/dev/null --srcdir=/home/adair/Documents/CAD/sscs-ose-code-a-chip.github.io/ISSCC25/submitted_notebooks/current_mirror_ota_optimization/ALIGN-public/_skbuild/linux-x86_64-3.10/cmake-build/_deps/cbc-src/CoinUtils

## --------- ##
## Platform. ##
## --------- ##

hostname = lubuvm
uname -m = x86_64
uname -r = 6.8.0-49-generic
uname -s = Linux
uname -v = #49~22.04.1-Ubuntu SMP PREEMPT_DYNAMIC Wed Nov  6 17:42:15 UTC 2

/usr/bin/uname -p = x86_64
/bin/uname -X     = unknown

/bin/arch              = x86_64
/usr/bin/arch -k       = unknown
/usr/convex/getsysinfo = unknown
hostinfo               = unknown
/bin/machine           = unknown
/usr/bin/oslevel       = unknown
/bin/universe          = unknown

PATH: /tmp/pip-build-env-j313kjyn/overlay/bin
PATH: /tmp/pip-build-env-j313kjyn/normal/bin
PATH: /usr/local/sbin
PATH: /usr/local/bin
PATH: /usr/sbin
PATH: /usr/bin
PATH: /sbin
PATH: /bin
PATH: /usr/games
PATH: /usr/local/games
PATH: /snap/bin
PATH: /home/adair/.local/bin
PATH: /home/adair/.local/bin
PATH: /home/adair/Documents/CAD/anaconda3/bin


## ----------- ##
## Core tests. ##
## ----------- ##

configure:1712: checking build system type
configure:1730: result: x86_64-unknown-linux-gnu
configure:1803: checking for svnversion
configure:1830: result: no
configure:1859: checking whether we want to compile in debug mode
configure:1905: result: no
configure:2155: checking for gcc
configure:2171: found /usr/bin/gcc
configure:2181: result: gcc
configure:2202: checking for C compiler version
configure:2205: gcc --version </dev/null >&5
gcc (Ubuntu 11.4.0-1ubuntu1~22.04) 11.4.0
Copyright (C) 2021 Free Software Foundation, Inc.
This is free software; see the source for copying conditions.  There is NO
warranty; not even for MERCHANTABILITY or FITNESS FOR A PARTICULAR PURPOSE.

configure:2208: $? = 0
configure:2210: gcc -v </dev/null >&5
Using built-in specs.
COLLECT_GCC=gcc
COLLECT_LTO_WRAPPER=/usr/lib/gcc/x86_64-linux-gnu/11/lto-wrapper
OFFLOAD_TARGET_NAMES=nvptx-none:amdgcn-amdhsa
OFFLOAD_TARGET_DEFAULT=1
Target: x86_64-linux-gnu
Configured with: ../src/configure -v --with-pkgversion='Ubuntu 11.4.0-1ubuntu1~22.04' --with-bugurl=file:///usr/share/doc/gcc-11/README.Bugs --enable-languages=c,ada,c++,go,brig,d,fortran,objc,obj-c++,m2 --prefix=/usr --with-gcc-major-version-only --program-suffix=-11 --program-prefix=x86_64-linux-gnu- --enable-shared --enable-linker-build-id --libexecdir=/usr/lib --without-included-gettext --enable-threads=posix --libdir=/usr/lib --enable-nls --enable-bootstrap --enable-clocale=gnu --enable-libstdcxx-debug --enable-libstdcxx-time=yes --with-default-libstdcxx-abi=new --enable-gnu-unique-object --disable-vtable-verify --enable-plugin --enable-default-pie --with-system-zlib --enable-libphobos-checking=release --with-target-system-zlib=auto --enable-objc-gc=auto --enable-multiarch --disable-werror --enable-cet --with-arch-32=i686 --with-abi=m64 --with-multilib-list=m32,m64,mx32 --enable-multilib --with-tune=generic --enable-offload-targets=nvptx-none=/build/gcc-11-XeT9lY/gcc-11-11.4.0/debian/tmp-nvptx/usr,amdgcn-amdhsa=/build/gcc-11-XeT9lY/gcc-11-11.4.0/debian/tmp-gcn/usr --without-cuda-driver --enable-checking=release --build=x86_64-linux-gnu --host=x86_64-linux-gnu --target=x86_64-linux-gnu --with-build-config=bootstrap-lto-lean --enable-link-serialization=2
Thread model: posix
Supported LTO compression algorithms: zlib zstd
gcc version 11.4.0 (Ubuntu 11.4.0-1ubuntu1~22.04) 
configure:2213: $? = 0
configure:2215: gcc -V </dev/null >&5
gcc: error: unrecognized command-line option '-V'
gcc: fatal error: no input files
compilation terminated.
configure:2218: $? = 1
configure:2241: checking for C compiler default output file name
configure:2244: gcc    conftest.c  >&5
configure:2247: $? = 0
configure:2293: result: a.out
configure:2298: checking whether the C compiler works
configure:2304: ./a.out
configure:2307: $? = 0
configure:2324: result: yes
configure:2331: checking whether we are cross compiling
configure:2333: result: no
configure:2336: checking for suffix of executables
configure:2338: gcc -o conftest    conftest.c  >&5
configure:2341: $? = 0
configure:2366: result: 
configure:2372: checking for suffix of object files
configure:2393: gcc -c   conftest.c >&5
configure:2396: $? = 0
configure:2418: result: o
configure:2422: checking whether we are using the GNU C compiler
configure:2446: gcc -c   conftest.c >&5
configure:2452: $? = 0
configure:2456: test -z 
			 || test ! -s conftest.err
configure:2459: $? = 0
configure:2462: test -s conftest.o
configure:2465: $? = 0
configure:2478: result: yes
configure:2484: checking whether gcc accepts -g
configure:2505: gcc -c -g  conftest.c >&5
configure:2511: $? = 0
configure:2515: test -z 
			 || test ! -s conftest.err
configure:2518: $? = 0
configure:2521: test -s conftest.o
configure:2524: $? = 0
configure:2535: result: yes
configure:2552: checking for gcc option to accept ANSI C
configure:2622: gcc  -c -g -O2  conftest.c >&5
configure:2628: $? = 0
configure:2632: test -z 
			 || test ! -s conftest.err
configure:2635: $? = 0
configure:2638: test -s conftest.o
configure:2641: $? = 0
configure:2659: result: none needed
configure:2677: gcc -c -g -O2  conftest.c >&5
conftest.c:2:3: error: unknown type name 'choke'
    2 |   choke me
      |   ^~~~~
conftest.c:2:3: error: expected '=', ',', ';', 'asm' or '__attribute__' at end of input
configure:2683: $? = 1
configure: failed program was:
| #ifndef __cplusplus
|   choke me
| #endif
configure:3104: gcc -o conftest -O3 -pipe -DNDEBUG -Wimplicit -Wparentheses -Wsequence-point -Wreturn-type -Wcast-qual -Wall -Wno-unknown-pragmas -Wno-long-long   -DCOINUTILS_BUILD   conftest.c  >&5
configure:3110: $? = 0
configure:3114: test -z 
			 || test ! -s conftest.err
configure:3117: $? = 0
configure:3120: test -s conftest
configure:3123: $? = 0
configure:3190: C compiler options are: -O3 -pipe -DNDEBUG -Wimplicit -Wparentheses -Wsequence-point -Wreturn-type -Wcast-qual -Wall -Wno-unknown-pragmas -Wno-long-long   -DCOINUTILS_BUILD
configure:3305: checking for g++
configure:3321: found /usr/bin/g++
configure:3331: result: g++
configure:3347: checking for C++ compiler version
configure:3350: g++ --version </dev/null >&5
g++ (Ubuntu 11.4.0-1ubuntu1~22.04) 11.4.0
Copyright (C) 2021 Free Software Foundation, Inc.
This is free software; see the source for copying conditions.  There is NO
warranty; not even for MERCHANTABILITY or FITNESS FOR A PARTICULAR PURPOSE.

configure:3353: $? = 0
configure:3355: g++ -v </dev/null >&5
Using built-in specs.
COLLECT_GCC=g++
COLLECT_LTO_WRAPPER=/usr/lib/gcc/x86_64-linux-gnu/11/lto-wrapper
OFFLOAD_TARGET_NAMES=nvptx-none:amdgcn-amdhsa
OFFLOAD_TARGET_DEFAULT=1
Target: x86_64-linux-gnu
Configured with: ../src/configure -v --with-pkgversion='Ubuntu 11.4.0-1ubuntu1~22.04' --with-bugurl=file:///usr/share/doc/gcc-11/README.Bugs --enable-languages=c,ada,c++,go,brig,d,fortran,objc,obj-c++,m2 --prefix=/usr --with-gcc-major-version-only --program-suffix=-11 --program-prefix=x86_64-linux-gnu- --enable-shared --enable-linker-build-id --libexecdir=/usr/lib --without-included-gettext --enable-threads=posix --libdir=/usr/lib --enable-nls --enable-bootstrap --enable-clocale=gnu --enable-libstdcxx-debug --enable-libstdcxx-time=yes --with-default-libstdcxx-abi=new --enable-gnu-unique-object --disable-vtable-verify --enable-plugin --enable-default-pie --with-system-zlib --enable-libphobos-checking=release --with-target-system-zlib=auto --enable-objc-gc=auto --enable-multiarch --disable-werror --enable-cet --with-arch-32=i686 --with-abi=m64 --with-multilib-list=m32,m64,mx32 --enable-multilib --with-tune=generic --enable-offload-targets=nvptx-none=/build/gcc-11-XeT9lY/gcc-11-11.4.0/debian/tmp-nvptx/usr,amdgcn-amdhsa=/build/gcc-11-XeT9lY/gcc-11-11.4.0/debian/tmp-gcn/usr --without-cuda-driver --enable-checking=release --build=x86_64-linux-gnu --host=x86_64-linux-gnu --target=x86_64-linux-gnu --with-build-config=bootstrap-lto-lean --enable-link-serialization=2
Thread model: posix
Supported LTO compression algorithms: zlib zstd
gcc version 11.4.0 (Ubuntu 11.4.0-1ubuntu1~22.04) 
configure:3358: $? = 0
configure:3360: g++ -V </dev/null >&5
g++: error: unrecognized command-line option '-V'
g++: fatal error: no input files
compilation terminated.
configure:3363: $? = 1
configure:3366: checking whether we are using the GNU C++ compiler
configure:3390: g++ -c   conftest.cc >&5
configure:3396: $? = 0
configure:3400: test -z 
			 || test ! -s conftest.err
configure:3403: $? = 0
configure:3406: test -s conftest.o
configure:3409: $? = 0
configure:3422: result: yes
configure:3428: checking whether g++ accepts -g
configure:3449: g++ -c -g  conftest.cc >&5
configure:3455: $? = 0
configure:3459: test -z 
			 || test ! -s conftest.err
configure:3462: $? = 0
configure:3465: test -s conftest.o
configure:3468: $? = 0
configure:3479: result: yes
configure:3521: g++ -c -g -O2  conftest.cc >&5
configure:3527: $? = 0
configure:3531: test -z 
			 || test ! -s conftest.err
configure:3534: $? = 0
configure:3537: test -s conftest.o
configure:3540: $? = 0
configure:3566: g++ -c -g -O2  conftest.cc >&5
conftest.cc: In function 'int main()':
conftest.cc:19:1: error: 'exit' was not declared in this scope
   19 | exit (42);
      | ^~~~
configure:3572: $? = 1
configure: failed program was:
| /* confdefs.h.  */
| 
| #define PACKAGE_NAME "CoinUtils"
| #define PACKAGE_TARNAME "coinutils"
| #define PACKAGE_VERSION "2.11.4"
| #define PACKAGE_STRING "CoinUtils 2.11.4"
| #define PACKAGE_BUGREPORT "http://projects.coin-or.org/CoinUtils"
| #define COINUTILS_VERSION "2.11.4"
| #define COINUTILS_VERSION_MAJOR 2
| #define COINUTILS_VERSION_MINOR 11
| #define COINUTILS_VERSION_RELEASE 4
| #define COIN_COINUTILS_VERBOSITY 0
| #define COIN_COINUTILS_CHECKLEVEL 0
| /* end confdefs.h.  */
| 
| int
| main ()
| {
| exit (42);
|   ;
|   return 0;
| }
configure:3521: g++ -c -g -O2  conftest.cc >&5
conftest.cc:15:17: warning: 'void std::exit(int)' has not been declared within 'std'
   15 | extern "C" void std::exit (int) throw (); using std::exit;
      |                 ^~~
<built-in>: note: only here as a 'friend'
configure:3527: $? = 0
configure:3531: test -z 
			 || test ! -s conftest.err
configure:3534: $? = 0
configure:3537: test -s conftest.o
configure:3540: $? = 0
configure:3566: g++ -c -g -O2  conftest.cc >&5
conftest.cc:15:17: warning: 'void std::exit(int)' has not been declared within 'std'
   15 | extern "C" void std::exit (int) throw (); using std::exit;
      |                 ^~~
<built-in>: note: only here as a 'friend'
configure:3572: $? = 0
configure:3576: test -z 
			 || test ! -s conftest.err
configure:3579: $? = 0
configure:3582: test -s conftest.o
configure:3585: $? = 0
configure:3617: checking whether C++ compiler g++ works
configure:3635: g++ -c -g -O2  conftest.cc >&5
conftest.cc:15:17: warning: 'void std::exit(int)' has not been declared within 'std'
   15 | extern "C" void std::exit (int) throw (); using std::exit;
      |                 ^~~
<built-in>: note: only here as a 'friend'
configure:3641: $? = 0
configure:3645: test -z 
			 || test ! -s conftest.err
configure:3648: $? = 0
configure:3651: test -s conftest.o
configure:3654: $? = 0
configure:3656: result: yes
configure:3977: g++ -o conftest -O3 -pipe -DNDEBUG -Wparentheses -Wreturn-type -Wcast-qual -Wall -Wpointer-arith -Wwrite-strings -Wconversion -Wno-unknown-pragmas -Wno-long-long   -DCOINUTILS_BUILD   conftest.cc  >&5
conftest.cc:15:17: warning: 'void std::exit(int)' has not been declared within 'std'
   15 | extern "C" void std::exit (int) throw (); using std::exit;
      |                 ^~~
<built-in>: note: only here as a 'friend'
configure:3983: $? = 0
configure:3987: test -z 
			 || test ! -s conftest.err
configure:3990: $? = 0
configure:3993: test -s conftest
configure:3996: $? = 0
configure:4063: C++ compiler options are: -O3 -pipe -DNDEBUG -Wparentheses -Wreturn-type -Wcast-qual -Wall -Wpointer-arith -Wwrite-strings -Wconversion -Wno-unknown-pragmas -Wno-long-long   -DCOINUTILS_BUILD
configure:4134: Trying to determine Fortran compiler name
configure:4183: checking for gfortran
configure:4212: result: no
configure:4183: checking for ifort
configure:4212: result: no
configure:4183: checking for g95
configure:4212: result: no
configure:4183: checking for fort77
configure:4212: result: no
configure:4183: checking for f77
configure:4212: result: no
configure:4183: checking for g77
configure:4212: result: no
configure:4183: checking for pgf90
configure:4212: result: no
configure:4183: checking for pgf77
configure:4212: result: no
configure:4183: checking for ifc
configure:4212: result: no
configure:4183: checking for frt
configure:4212: result: no
configure:4183: checking for af77
configure:4212: result: no
configure:4183: checking for xlf_r
configure:4212: result: no
configure:4461: WARNING: Failed to find a Fortran compiler!
configure:4749: Fortran compiler options are:  
configure:5764: checking for egrep
configure:5774: result: grep -E
configure:5779: checking whether ln -s works
configure:5783: result: yes
configure:5804: checking for a BSD-compatible install
configure:5859: result: /usr/bin/install -c
configure:5870: checking whether build environment is sane
configure:5913: result: yes
configure:5978: checking for gawk
configure:5994: found /usr/bin/gawk
configure:6004: result: gawk
configure:6014: checking whether make sets $(MAKE)
configure:6034: result: yes
configure:6064: checking for style of include used by make
configure:6092: result: GNU
configure:6273: checking dependency style of gcc
configure:6363: result: gcc3
configure:6382: checking dependency style of g++
configure:6472: result: gcc3
configure:6490: checking whether to enable maintainer-specific portions of Makefiles
configure:6499: result: no
configure:21915: Using libtool script in directory ..
configure:22014: checking if library version is set
configure:22018: result: 14:4:11
configure:22070: checking cmath usability
configure:22082: g++ -c -O3 -pipe -DNDEBUG -Wparentheses -Wreturn-type -Wcast-qual -Wall -Wpointer-arith -Wwrite-strings -Wconversion -Wno-unknown-pragmas -Wno-long-long   -DCOINUTILS_BUILD  conftest.cc >&5
conftest.cc:15:17: warning: 'void std::exit(int)' has not been declared within 'std'
   15 | extern "C" void std::exit (int) throw (); using std::exit;
      |                 ^~~
<built-in>: note: only here as a 'friend'
configure:22088: $? = 0
configure:22092: test -z 
			 || test ! -s conftest.err
configure:22095: $? = 0
configure:22098: test -s conftest.o
configure:22101: $? = 0
configure:22111: result: yes
configure:22115: checking cmath presence
configure:22125: g++ -E  conftest.cc
configure:22131: $? = 0
configure:22151: result: yes
configure:22186: checking for cmath
configure:22193: result: yes
configure:22399: checking cfloat usability
configure:22411: g++ -c -O3 -pipe -DNDEBUG -Wparentheses -Wreturn-type -Wcast-qual -Wall -Wpointer-arith -Wwrite-strings -Wconversion -Wno-unknown-pragmas -Wno-long-long   -DCOINUTILS_BUILD  conftest.cc >&5
conftest.cc:15:17: warning: 'void std::exit(int)' has not been declared within 'std'
   15 | extern "C" void std::exit (int) throw (); using std::exit;
      |                 ^~~
<built-in>: note: only here as a 'friend'
configure:22417: $? = 0
configure:22421: test -z 
			 || test ! -s conftest.err
configure:22424: $? = 0
configure:22427: test -s conftest.o
configure:22430: $? = 0
configure:22440: result: yes
configure:22444: checking cfloat presence
configure:22454: g++ -E  conftest.cc
configure:22460: $? = 0
configure:22480: result: yes
configure:22515: checking for cfloat
configure:22522: result: yes
configure:22728: checking cieeefp usability
configure:22740: g++ -c -O3 -pipe -DNDEBUG -Wparentheses -Wreturn-type -Wcast-qual -Wall -Wpointer-arith -Wwrite-strings -Wconversion -Wno-unknown-pragmas -Wno-long-long   -DCOINUTILS_BUILD  conftest.cc >&5
conftest.cc:67:10: fatal error: cieeefp: No such file or directory
   67 | #include <cieeefp>
      |          ^~~~~~~~~
compilation terminated.
configure:22746: $? = 1
configure: failed program was:
| /* confdefs.h.  */
| 
| #define PACKAGE_NAME "CoinUtils"
| #define PACKAGE_TARNAME "coinutils"
| #define PACKAGE_VERSION "2.11.4"
| #define PACKAGE_STRING "CoinUtils 2.11.4"
| #define PACKAGE_BUGREPORT "http://projects.coin-or.org/CoinUtils"
| #define COINUTILS_VERSION "2.11.4"
| #define COINUTILS_VERSION_MAJOR 2
| #define COINUTILS_VERSION_MINOR 11
| #define COINUTILS_VERSION_RELEASE 4
| #define COIN_COINUTILS_VERBOSITY 0
| #define COIN_COINUTILS_CHECKLEVEL 0
| #ifdef __cplusplus
| extern "C" void std::exit (int) throw (); using std::exit;
| #endif
| #define PACKAGE "coinutils"
| #define VERSION "2.11.4"
| #define STDC_HEADERS 1
| #define HAVE_SYS_TYPES_H 1
| #define HAVE_SYS_STAT_H 1
| #define HAVE_STDLIB_H 1
| #define HAVE_STRING_H 1
| #define HAVE_MEMORY_H 1
| #define HAVE_STRINGS_H 1
| #define HAVE_INTTYPES_H 1
| #define HAVE_STDINT_H 1
| #define HAVE_UNISTD_H 1
| #define HAVE_DLFCN_H 1
| #define HAVE_CMATH 1
| #define HAVE_CFLOAT 1
| /* end confdefs.h.  */
| #include <stdio.h>
| #if HAVE_SYS_TYPES_H
| # include <sys/types.h>
| #endif
| #if HAVE_SYS_STAT_H
| # include <sys/stat.h>
| #endif
| #if STDC_HEADERS
| # include <stdlib.h>
| # include <stddef.h>
| #else
| # if HAVE_STDLIB_H
| #  include <stdlib.h>
| # endif
| #endif
| #if HAVE_STRING_H
| # if !STDC_HEADERS && HAVE_MEMORY_H
| #  include <memory.h>
| # endif
| # include <string.h>
| #endif
| #if HAVE_STRINGS_H
| # include <strings.h>
| #endif
| #if HAVE_INTTYPES_H
| # include <inttypes.h>
| #else
| # if HAVE_STDINT_H
| #  include <stdint.h>
| # endif
| #endif
| #if HAVE_UNISTD_H
| # include <unistd.h>
| #endif
| #include <cieeefp>
configure:22769: result: no
configure:22773: checking cieeefp presence
configure:22783: g++ -E  conftest.cc
conftest.cc:33:10: fatal error: cieeefp: No such file or directory
   33 | #include <cieeefp>
      |          ^~~~~~~~~
compilation terminated.
configure:22789: $? = 1
configure: failed program was:
| /* confdefs.h.  */
| 
| #define PACKAGE_NAME "CoinUtils"
| #define PACKAGE_TARNAME "coinutils"
| #define PACKAGE_VERSION "2.11.4"
| #define PACKAGE_STRING "CoinUtils 2.11.4"
| #define PACKAGE_BUGREPORT "http://projects.coin-or.org/CoinUtils"
| #define COINUTILS_VERSION "2.11.4"
| #define COINUTILS_VERSION_MAJOR 2
| #define COINUTILS_VERSION_MINOR 11
| #define COINUTILS_VERSION_RELEASE 4
| #define COIN_COINUTILS_VERBOSITY 0
| #define COIN_COINUTILS_CHECKLEVEL 0
| #ifdef __cplusplus
| extern "C" void std::exit (int) throw (); using std::exit;
| #endif
| #define PACKAGE "coinutils"
| #define VERSION "2.11.4"
| #define STDC_HEADERS 1
| #define HAVE_SYS_TYPES_H 1
| #define HAVE_SYS_STAT_H 1
| #define HAVE_STDLIB_H 1
| #define HAVE_STRING_H 1
| #define HAVE_MEMORY_H 1
| #define HAVE_STRINGS_H 1
| #define HAVE_INTTYPES_H 1
| #define HAVE_STDINT_H 1
| #define HAVE_UNISTD_H 1
| #define HAVE_DLFCN_H 1
| #define HAVE_CMATH 1
| #define HAVE_CFLOAT 1
| /* end confdefs.h.  */
| #include <cieeefp>
configure:22809: result: no
configure:22844: checking for cieeefp
configure:22851: result: no
configure:22886: checking ieeefp.h usability
configure:22898: g++ -c -O3 -pipe -DNDEBUG -Wparentheses -Wreturn-type -Wcast-qual -Wall -Wpointer-arith -Wwrite-strings -Wconversion -Wno-unknown-pragmas -Wno-long-long   -DCOINUTILS_BUILD  conftest.cc >&5
conftest.cc:67:10: fatal error: ieeefp.h: No such file or directory
   67 | #include <ieeefp.h>
      |          ^~~~~~~~~~
compilation terminated.
configure:22904: $? = 1
configure: failed program was:
| /* confdefs.h.  */
| 
| #define PACKAGE_NAME "CoinUtils"
| #define PACKAGE_TARNAME "coinutils"
| #define PACKAGE_VERSION "2.11.4"
| #define PACKAGE_STRING "CoinUtils 2.11.4"
| #define PACKAGE_BUGREPORT "http://projects.coin-or.org/CoinUtils"
| #define COINUTILS_VERSION "2.11.4"
| #define COINUTILS_VERSION_MAJOR 2
| #define COINUTILS_VERSION_MINOR 11
| #define COINUTILS_VERSION_RELEASE 4
| #define COIN_COINUTILS_VERBOSITY 0
| #define COIN_COINUTILS_CHECKLEVEL 0
| #ifdef __cplusplus
| extern "C" void std::exit (int) throw (); using std::exit;
| #endif
| #define PACKAGE "coinutils"
| #define VERSION "2.11.4"
| #define STDC_HEADERS 1
| #define HAVE_SYS_TYPES_H 1
| #define HAVE_SYS_STAT_H 1
| #define HAVE_STDLIB_H 1
| #define HAVE_STRING_H 1
| #define HAVE_MEMORY_H 1
| #define HAVE_STRINGS_H 1
| #define HAVE_INTTYPES_H 1
| #define HAVE_STDINT_H 1
| #define HAVE_UNISTD_H 1
| #define HAVE_DLFCN_H 1
| #define HAVE_CMATH 1
| #define HAVE_CFLOAT 1
| /* end confdefs.h.  */
| #include <stdio.h>
| #if HAVE_SYS_TYPES_H
| # include <sys/types.h>
| #endif
| #if HAVE_SYS_STAT_H
| # include <sys/stat.h>
| #endif
| #if STDC_HEADERS
| # include <stdlib.h>
| # include <stddef.h>
| #else
| # if HAVE_STDLIB_H
| #  include <stdlib.h>
| # endif
| #endif
| #if HAVE_STRING_H
| # if !STDC_HEADERS && HAVE_MEMORY_H
| #  include <memory.h>
| # endif
| # include <string.h>
| #endif
| #if HAVE_STRINGS_H
| # include <strings.h>
| #endif
| #if HAVE_INTTYPES_H
| # include <inttypes.h>
| #else
| # if HAVE_STDINT_H
| #  include <stdint.h>
| # endif
| #endif
| #if HAVE_UNISTD_H
| # include <unistd.h>
| #endif
| #include <ieeefp.h>
configure:22927: result: no
configure:22931: checking ieeefp.h presence
configure:22941: g++ -E  conftest.cc
conftest.cc:33:10: fatal error: ieeefp.h: No such file or directory
   33 | #include <ieeefp.h>
      |          ^~~~~~~~~~
compilation terminated.
configure:22947: $? = 1
configure: failed program was:
| /* confdefs.h.  */
| 
| #define PACKAGE_NAME "CoinUtils"
| #define PACKAGE_TARNAME "coinutils"
| #define PACKAGE_VERSION "2.11.4"
| #define PACKAGE_STRING "CoinUtils 2.11.4"
| #define PACKAGE_BUGREPORT "http://projects.coin-or.org/CoinUtils"
| #define COINUTILS_VERSION "2.11.4"
| #define COINUTILS_VERSION_MAJOR 2
| #define COINUTILS_VERSION_MINOR 11
| #define COINUTILS_VERSION_RELEASE 4
| #define COIN_COINUTILS_VERBOSITY 0
| #define COIN_COINUTILS_CHECKLEVEL 0
| #ifdef __cplusplus
| extern "C" void std::exit (int) throw (); using std::exit;
| #endif
| #define PACKAGE "coinutils"
| #define VERSION "2.11.4"
| #define STDC_HEADERS 1
| #define HAVE_SYS_TYPES_H 1
| #define HAVE_SYS_STAT_H 1
| #define HAVE_STDLIB_H 1
| #define HAVE_STRING_H 1
| #define HAVE_MEMORY_H 1
| #define HAVE_STRINGS_H 1
| #define HAVE_INTTYPES_H 1
| #define HAVE_STDINT_H 1
| #define HAVE_UNISTD_H 1
| #define HAVE_DLFCN_H 1
| #define HAVE_CMATH 1
| #define HAVE_CFLOAT 1
| /* end confdefs.h.  */
| #include <ieeefp.h>
configure:22967: result: no
configure:23002: checking for ieeefp.h
configure:23009: result: no
configure:23033: checking whether isfinite is declared
configure:23087: g++ -c -O3 -pipe -DNDEBUG -Wparentheses -Wreturn-type -Wcast-qual -Wall -Wpointer-arith -Wwrite-strings -Wconversion -Wno-unknown-pragmas -Wno-long-long   -DCOINUTILS_BUILD  conftest.cc >&5
conftest.cc:15:17: warning: 'void std::exit(int)' has not been declared within 'std'
   15 | extern "C" void std::exit (int) throw (); using std::exit;
      |                 ^~~
<built-in>: note: only here as a 'friend'
conftest.cc: In function 'int main()':
conftest.cc:68:22: error: 'isfinite' was not declared in this scope; did you mean 'std::isfinite'?
   68 |   char *p = (char *) isfinite;
      |                      ^~~~~~~~
      |                      std::isfinite
In file included from conftest.cc:35:
/usr/include/c++/11/cmath:578:5: note: 'std::isfinite' declared here
  578 |     isfinite(_Tp __x)
      |     ^~~~~~~~
conftest.cc:68:9: warning: unused variable 'p' [-Wunused-variable]
   68 |   char *p = (char *) isfinite;
      |         ^
configure:23093: $? = 1
configure: failed program was:
| /* confdefs.h.  */
| 
| #define PACKAGE_NAME "CoinUtils"
| #define PACKAGE_TARNAME "coinutils"
| #define PACKAGE_VERSION "2.11.4"
| #define PACKAGE_STRING "CoinUtils 2.11.4"
| #define PACKAGE_BUGREPORT "http://projects.coin-or.org/CoinUtils"
| #define COINUTILS_VERSION "2.11.4"
| #define COINUTILS_VERSION_MAJOR 2
| #define COINUTILS_VERSION_MINOR 11
| #define COINUTILS_VERSION_RELEASE 4
| #define COIN_COINUTILS_VERBOSITY 0
| #define COIN_COINUTILS_CHECKLEVEL 0
| #ifdef __cplusplus
| extern "C" void std::exit (int) throw (); using std::exit;
| #endif
| #define PACKAGE "coinutils"
| #define VERSION "2.11.4"
| #define STDC_HEADERS 1
| #define HAVE_SYS_TYPES_H 1
| #define HAVE_SYS_STAT_H 1
| #define HAVE_STDLIB_H 1
| #define HAVE_STRING_H 1
| #define HAVE_MEMORY_H 1
| #define HAVE_STRINGS_H 1
| #define HAVE_INTTYPES_H 1
| #define HAVE_STDINT_H 1
| #define HAVE_UNISTD_H 1
| #define HAVE_DLFCN_H 1
| #define HAVE_CMATH 1
| #define HAVE_CFLOAT 1
| /* end confdefs.h.  */
| 
| #ifdef HAVE_CMATH
| # include <cmath>
| #else
| # ifdef HAVE_MATH_H
| #  include <math.h>
| # endif
| #endif
| #ifdef HAVE_CFLOAT
| # include <cfloat>
| #else
| # ifdef HAVE_FLOAT_H
| #  include <float.h>
| # endif
| #endif
| #ifdef HAVE_CIEEEFP
| # include <cieeefp>
| #else
| # ifdef HAVE_IEEEFP_H
| #  include <ieeefp.h>
| # endif
| #endif
| 
| #ifdef F77_DUMMY_MAIN
| 
| #  ifdef __cplusplus
|      extern "C"
| #  endif
|    int F77_DUMMY_MAIN() { return 1; }
| 
| #endif
| int
| main ()
| {
| #ifndef isfinite
|   char *p = (char *) isfinite;
| #endif
| 
|   ;
|   return 0;
| }
configure:23117: result: no
configure:23124: checking whether finite is declared
configure:23178: g++ -c -O3 -pipe -DNDEBUG -Wparentheses -Wreturn-type -Wcast-qual -Wall -Wpointer-arith -Wwrite-strings -Wconversion -Wno-unknown-pragmas -Wno-long-long   -DCOINUTILS_BUILD  conftest.cc >&5
conftest.cc:15:17: warning: 'void std::exit(int)' has not been declared within 'std'
   15 | extern "C" void std::exit (int) throw (); using std::exit;
      |                 ^~~
<built-in>: note: only here as a 'friend'
conftest.cc: In function 'int main()':
conftest.cc:68:9: warning: unused variable 'p' [-Wunused-variable]
   68 |   char *p = (char *) finite;
      |         ^
configure:23184: $? = 0
configure:23188: test -z 
			 || test ! -s conftest.err
configure:23191: $? = 0
configure:23194: test -s conftest.o
configure:23197: $? = 0
configure:23208: result: yes
configure:23351: checking for cmath
configure:23356: result: yes
configure:23680: checking for cfloat
configure:23685: result: yes
configure:24009: checking for cieeefp
configure:24014: result: no
configure:24167: checking for ieeefp.h
configure:24172: result: no
configure:24323: checking whether isnan is declared
configure:24377: g++ -c -O3 -pipe -DNDEBUG -Wparentheses -Wreturn-type -Wcast-qual -Wall -Wpointer-arith -Wwrite-strings -Wconversion -Wno-unknown-pragmas -Wno-long-long   -DCOINUTILS_BUILD  conftest.cc >&5
conftest.cc:15:17: warning: 'void std::exit(int)' has not been declared within 'std'
   15 | extern "C" void std::exit (int) throw (); using std::exit;
      |                 ^~~
<built-in>: note: only here as a 'friend'
conftest.cc: In function 'int main()':
conftest.cc:71:22: error: 'isnan' was not declared in this scope; did you mean 'std::isnan'?
   71 |   char *p = (char *) isnan;
      |                      ^~~~~
      |                      std::isnan
In file included from conftest.cc:38:
/usr/include/c++/11/cmath:632:5: note: 'std::isnan' declared here
  632 |     isnan(_Tp __x)
      |     ^~~~~
conftest.cc:71:9: warning: unused variable 'p' [-Wunused-variable]
   71 |   char *p = (char *) isnan;
      |         ^
configure:24383: $? = 1
configure: failed program was:
| /* confdefs.h.  */
| 
| #define PACKAGE_NAME "CoinUtils"
| #define PACKAGE_TARNAME "coinutils"
| #define PACKAGE_VERSION "2.11.4"
| #define PACKAGE_STRING "CoinUtils 2.11.4"
| #define PACKAGE_BUGREPORT "http://projects.coin-or.org/CoinUtils"
| #define COINUTILS_VERSION "2.11.4"
| #define COINUTILS_VERSION_MAJOR 2
| #define COINUTILS_VERSION_MINOR 11
| #define COINUTILS_VERSION_RELEASE 4
| #define COIN_COINUTILS_VERBOSITY 0
| #define COIN_COINUTILS_CHECKLEVEL 0
| #ifdef __cplusplus
| extern "C" void std::exit (int) throw (); using std::exit;
| #endif
| #define PACKAGE "coinutils"
| #define VERSION "2.11.4"
| #define STDC_HEADERS 1
| #define HAVE_SYS_TYPES_H 1
| #define HAVE_SYS_STAT_H 1
| #define HAVE_STDLIB_H 1
| #define HAVE_STRING_H 1
| #define HAVE_MEMORY_H 1
| #define HAVE_STRINGS_H 1
| #define HAVE_INTTYPES_H 1
| #define HAVE_STDINT_H 1
| #define HAVE_UNISTD_H 1
| #define HAVE_DLFCN_H 1
| #define HAVE_CMATH 1
| #define HAVE_CFLOAT 1
| #define COIN_C_FINITE finite
| #define HAVE_CMATH 1
| #define HAVE_CFLOAT 1
| /* end confdefs.h.  */
| 
| #ifdef HAVE_CMATH
| # include <cmath>
| #else
| # ifdef HAVE_MATH_H
| #  include <math.h>
| # endif
| #endif
| #ifdef HAVE_CFLOAT
| # include <cfloat>
| #else
| # ifdef HAVE_FLOAT_H
| #  include <float.h>
| # endif
| #endif
| #ifdef HAVE_CIEEEFP
| # include <cieeefp>
| #else
| # ifdef HAVE_IEEEFP_H
| #  include <ieeefp.h>
| # endif
| #endif
| 
| #ifdef F77_DUMMY_MAIN
| 
| #  ifdef __cplusplus
|      extern "C"
| #  endif
|    int F77_DUMMY_MAIN() { return 1; }
| 
| #endif
| int
| main ()
| {
| #ifndef isnan
|   char *p = (char *) isnan;
| #endif
| 
|   ;
|   return 0;
| }
configure:24407: result: no
configure:24419: checking whether std::isnan(42.42) is declared
configure:24473: g++ -c -O3 -pipe -DNDEBUG -Wparentheses -Wreturn-type -Wcast-qual -Wall -Wpointer-arith -Wwrite-strings -Wconversion -Wno-unknown-pragmas -Wno-long-long   -DCOINUTILS_BUILD  conftest.cc >&5
conftest.cc:70:12: warning: extra tokens at end of #ifndef directive
   70 | #ifndef std::isnan(42.42)
      |            ^~
conftest.cc:15:17: warning: 'void std::exit(int)' has not been declared within 'std'
   15 | extern "C" void std::exit (int) throw (); using std::exit;
      |                 ^~~
<built-in>: note: only here as a 'friend'
conftest.cc: In function 'int main()':
conftest.cc:71:9: warning: unused variable 'p' [-Wunused-variable]
   71 |   char *p = (char *) std::isnan(42.42);
      |         ^
configure:24479: $? = 0
configure:24483: test -z 
			 || test ! -s conftest.err
configure:24486: $? = 0
configure:24489: test -s conftest.o
configure:24492: $? = 0
configure:24503: result: yes
configure:24983: checking cinttypes usability
configure:24995: g++ -c -O3 -pipe -DNDEBUG -Wparentheses -Wreturn-type -Wcast-qual -Wall -Wpointer-arith -Wwrite-strings -Wconversion -Wno-unknown-pragmas -Wno-long-long   -DCOINUTILS_BUILD  conftest.cc >&5
conftest.cc:15:17: warning: 'void std::exit(int)' has not been declared within 'std'
   15 | extern "C" void std::exit (int) throw (); using std::exit;
      |                 ^~~
<built-in>: note: only here as a 'friend'
configure:25001: $? = 0
configure:25005: test -z 
			 || test ! -s conftest.err
configure:25008: $? = 0
configure:25011: test -s conftest.o
configure:25014: $? = 0
configure:25024: result: yes
configure:25028: checking cinttypes presence
configure:25038: g++ -E  conftest.cc
configure:25044: $? = 0
configure:25064: result: yes
configure:25099: checking for cinttypes
configure:25106: result: yes
configure:25312: checking cstdint usability
configure:25324: g++ -c -O3 -pipe -DNDEBUG -Wparentheses -Wreturn-type -Wcast-qual -Wall -Wpointer-arith -Wwrite-strings -Wconversion -Wno-unknown-pragmas -Wno-long-long   -DCOINUTILS_BUILD  conftest.cc >&5
conftest.cc:15:17: warning: 'void std::exit(int)' has not been declared within 'std'
   15 | extern "C" void std::exit (int) throw (); using std::exit;
      |                 ^~~
<built-in>: note: only here as a 'friend'
configure:25330: $? = 0
configure:25334: test -z 
			 || test ! -s conftest.err
configure:25337: $? = 0
configure:25340: test -s conftest.o
configure:25343: $? = 0
configure:25353: result: yes
configure:25357: checking cstdint presence
configure:25367: g++ -E  conftest.cc
configure:25373: $? = 0
configure:25393: result: yes
configure:25428: checking for cstdint
configure:25435: result: yes
configure:25624: checking for int64_t
configure:25665: g++ -c -O3 -pipe -DNDEBUG -Wparentheses -Wreturn-type -Wcast-qual -Wall -Wpointer-arith -Wwrite-strings -Wconversion -Wno-unknown-pragmas -Wno-long-long   -DCOINUTILS_BUILD  conftest.cc >&5
conftest.cc:15:17: warning: 'void std::exit(int)' has not been declared within 'std'
   15 | extern "C" void std::exit (int) throw (); using std::exit;
      |                 ^~~
<built-in>: note: only here as a 'friend'
configure:25671: $? = 0
configure:25675: test -z 
			 || test ! -s conftest.err
configure:25678: $? = 0
configure:25681: test -s conftest.o
configure:25684: $? = 0
configure:25695: result: yes
configure:27175: checking for intptr_t
configure:27216: g++ -c -O3 -pipe -DNDEBUG -Wparentheses -Wreturn-type -Wcast-qual -Wall -Wpointer-arith -Wwrite-strings -Wconversion -Wno-unknown-pragmas -Wno-long-long   -DCOINUTILS_BUILD  conftest.cc >&5
conftest.cc:15:17: warning: 'void std::exit(int)' has not been declared within 'std'
   15 | extern "C" void std::exit (int) throw (); using std::exit;
      |                 ^~~
<built-in>: note: only here as a 'friend'
configure:27222: $? = 0
configure:27226: test -z 
			 || test ! -s conftest.err
configure:27229: $? = 0
configure:27232: test -s conftest.o
configure:27235: $? = 0
configure:27246: result: yes
configure:29210: checking windows.h usability
configure:29222: g++ -c -O3 -pipe -DNDEBUG -Wparentheses -Wreturn-type -Wcast-qual -Wall -Wpointer-arith -Wwrite-strings -Wconversion -Wno-unknown-pragmas -Wno-long-long   -DCOINUTILS_BUILD  conftest.cc >&5
conftest.cc:78:10: fatal error: windows.h: No such file or directory
   78 | #include <windows.h>
      |          ^~~~~~~~~~~
compilation terminated.
configure:29228: $? = 1
configure: failed program was:
| /* confdefs.h.  */
| 
| #define PACKAGE_NAME "CoinUtils"
| #define PACKAGE_TARNAME "coinutils"
| #define PACKAGE_VERSION "2.11.4"
| #define PACKAGE_STRING "CoinUtils 2.11.4"
| #define PACKAGE_BUGREPORT "http://projects.coin-or.org/CoinUtils"
| #define COINUTILS_VERSION "2.11.4"
| #define COINUTILS_VERSION_MAJOR 2
| #define COINUTILS_VERSION_MINOR 11
| #define COINUTILS_VERSION_RELEASE 4
| #define COIN_COINUTILS_VERBOSITY 0
| #define COIN_COINUTILS_CHECKLEVEL 0
| #ifdef __cplusplus
| extern "C" void std::exit (int) throw (); using std::exit;
| #endif
| #define PACKAGE "coinutils"
| #define VERSION "2.11.4"
| #define STDC_HEADERS 1
| #define HAVE_SYS_TYPES_H 1
| #define HAVE_SYS_STAT_H 1
| #define HAVE_STDLIB_H 1
| #define HAVE_STRING_H 1
| #define HAVE_MEMORY_H 1
| #define HAVE_STRINGS_H 1
| #define HAVE_INTTYPES_H 1
| #define HAVE_STDINT_H 1
| #define HAVE_UNISTD_H 1
| #define HAVE_DLFCN_H 1
| #define HAVE_CMATH 1
| #define HAVE_CFLOAT 1
| #define COIN_C_FINITE finite
| #define HAVE_CMATH 1
| #define HAVE_CFLOAT 1
| #define COIN_C_ISNAN std::isnan
| #define COINUTILS_MEMPOOL_MAXPOOLED -1
| #define HAVE_CINTTYPES 1
| #define HAVE_CSTDINT 1
| #define COIN_INT64_T int64_t
| #define COIN_UINT64_T int64_t
| #define COIN_INTPTR_T intptr_t
| #define COINUTILS_HAS_CSTDINT 1
| /* end confdefs.h.  */
| #include <stdio.h>
| #if HAVE_SYS_TYPES_H
| # include <sys/types.h>
| #endif
| #if HAVE_SYS_STAT_H
| # include <sys/stat.h>
| #endif
| #if STDC_HEADERS
| # include <stdlib.h>
| # include <stddef.h>
| #else
| # if HAVE_STDLIB_H
| #  include <stdlib.h>
| # endif
| #endif
| #if HAVE_STRING_H
| # if !STDC_HEADERS && HAVE_MEMORY_H
| #  include <memory.h>
| # endif
| # include <string.h>
| #endif
| #if HAVE_STRINGS_H
| # include <strings.h>
| #endif
| #if HAVE_INTTYPES_H
| # include <inttypes.h>
| #else
| # if HAVE_STDINT_H
| #  include <stdint.h>
| # endif
| #endif
| #if HAVE_UNISTD_H
| # include <unistd.h>
| #endif
| #include <windows.h>
configure:29251: result: no
configure:29255: checking windows.h presence
configure:29265: g++ -E  conftest.cc
conftest.cc:44:10: fatal error: windows.h: No such file or directory
   44 | #include <windows.h>
      |          ^~~~~~~~~~~
compilation terminated.
configure:29271: $? = 1
configure: failed program was:
| /* confdefs.h.  */
| 
| #define PACKAGE_NAME "CoinUtils"
| #define PACKAGE_TARNAME "coinutils"
| #define PACKAGE_VERSION "2.11.4"
| #define PACKAGE_STRING "CoinUtils 2.11.4"
| #define PACKAGE_BUGREPORT "http://projects.coin-or.org/CoinUtils"
| #define COINUTILS_VERSION "2.11.4"
| #define COINUTILS_VERSION_MAJOR 2
| #define COINUTILS_VERSION_MINOR 11
| #define COINUTILS_VERSION_RELEASE 4
| #define COIN_COINUTILS_VERBOSITY 0
| #define COIN_COINUTILS_CHECKLEVEL 0
| #ifdef __cplusplus
| extern "C" void std::exit (int) throw (); using std::exit;
| #endif
| #define PACKAGE "coinutils"
| #define VERSION "2.11.4"
| #define STDC_HEADERS 1
| #define HAVE_SYS_TYPES_H 1
| #define HAVE_SYS_STAT_H 1
| #define HAVE_STDLIB_H 1
| #define HAVE_STRING_H 1
| #define HAVE_MEMORY_H 1
| #define HAVE_STRINGS_H 1
| #define HAVE_INTTYPES_H 1
| #define HAVE_STDINT_H 1
| #define HAVE_UNISTD_H 1
| #define HAVE_DLFCN_H 1
| #define HAVE_CMATH 1
| #define HAVE_CFLOAT 1
| #define COIN_C_FINITE finite
| #define HAVE_CMATH 1
| #define HAVE_CFLOAT 1
| #define COIN_C_ISNAN std::isnan
| #define COINUTILS_MEMPOOL_MAXPOOLED -1
| #define HAVE_CINTTYPES 1
| #define HAVE_CSTDINT 1
| #define COIN_INT64_T int64_t
| #define COIN_UINT64_T int64_t
| #define COIN_INTPTR_T intptr_t
| #define COINUTILS_HAS_CSTDINT 1
| /* end confdefs.h.  */
| #include <windows.h>
configure:29291: result: no
configure:29326: checking for windows.h
configure:29333: result: no
configure:29364: checking endian.h usability
configure:29376: g++ -c -O3 -pipe -DNDEBUG -Wparentheses -Wreturn-type -Wcast-qual -Wall -Wpointer-arith -Wwrite-strings -Wconversion -Wno-unknown-pragmas -Wno-long-long   -DCOINUTILS_BUILD  conftest.cc >&5
conftest.cc:15:17: warning: 'void std::exit(int)' has not been declared within 'std'
   15 | extern "C" void std::exit (int) throw (); using std::exit;
      |                 ^~~
<built-in>: note: only here as a 'friend'
configure:29382: $? = 0
configure:29386: test -z 
			 || test ! -s conftest.err
configure:29389: $? = 0
configure:29392: test -s conftest.o
configure:29395: $? = 0
configure:29405: result: yes
configure:29409: checking endian.h presence
configure:29419: g++ -E  conftest.cc
configure:29425: $? = 0
configure:29445: result: yes
configure:29480: checking for endian.h
configure:29487: result: yes
configure:29574: checking for pkg-config
configure:29590: found /usr/bin/pkg-config
configure:29600: result: pkg-config
configure:29615: checking pkg-config is at least version 0.16.0
configure:29618: result: yes
configure:36288: checking for COIN-OR package Glpk
configure:36452: result: not given: No package 'coinglpk' found
configure:36798: checking for COIN-OR package Sample
configure:36929: result: yes: 1.2.12 
configure:37278: checking for COIN-OR package Netlib
configure:37427: result: not given: No package 'coindatanetlib' found
configure:38643: checking whether this is a VPATH configuration
configure:38650: result: no
configure:38670: configuring doxygen documentation options
configure:38677: checking for doxygen
configure:38704: result: no
configure:38713: checking for latex
configure:38729: found /usr/bin/latex
configure:38740: result: yes
configure:38768: checking for dot
configure:38784: found /usr/bin/dot
configure:38795: result: YES
configure:38907: checking which command should be used to link input files
configure:38915: result: ln -s
configure:39249: creating ./config.status

## ---------------------- ##
## Running config.status. ##
## ---------------------- ##

This file was extended by CoinUtils config.status 2.11.4, which was
generated by GNU Autoconf 2.59.  Invocation command line was

  CONFIG_FILES    = 
  CONFIG_HEADERS  = 
  CONFIG_LINKS    = 
  CONFIG_COMMANDS = 
  $ ./config.status 

on lubuvm

config.status:840: creating Makefile
config.status:840: creating src/Makefile
config.status:840: creating test/Makefile
config.status:840: creating coinutils.pc
config.status:840: creating coinutils-uninstalled.pc
config.status:840: creating doxydoc/doxygen.conf
config.status:937: creating src/config.h
config.status:937: creating src/config_coinutils.h
config.status:1285: executing depfiles commands
configure:40740: In case of trouble, first consult the troubleshooting page at https://projects.coin-or.org/BuildTools/wiki/user-troubleshooting
configure:40743: Configuration of CoinUtils successful

## ---------------- ##
## Cache variables. ##
## ---------------- ##

ac_cv_build=x86_64-unknown-linux-gnu
ac_cv_build_alias=x86_64-unknown-linux-gnu
ac_cv_c_compiler_gnu=yes
ac_cv_cxx_compiler_gnu=yes
ac_cv_env_ADD_CFLAGS_set=
ac_cv_env_ADD_CFLAGS_value=
ac_cv_env_ADD_CXXFLAGS_set=
ac_cv_env_ADD_CXXFLAGS_value=
ac_cv_env_ADD_FFLAGS_set=
ac_cv_env_ADD_FFLAGS_value=
ac_cv_env_CC_set=
ac_cv_env_CC_value=
ac_cv_env_CDEFS_set=
ac_cv_env_CDEFS_value=
ac_cv_env_CFLAGS_set=
ac_cv_env_CFLAGS_value=
ac_cv_env_CPPFLAGS_set=
ac_cv_env_CPPFLAGS_value=
ac_cv_env_CPP_set=
ac_cv_env_CPP_value=
ac_cv_env_CXXCPP_set=
ac_cv_env_CXXCPP_value=
ac_cv_env_CXXDEFS_set=
ac_cv_env_CXXDEFS_value=
ac_cv_env_CXXFLAGS_set=
ac_cv_env_CXXFLAGS_value=
ac_cv_env_CXX_set=
ac_cv_env_CXX_value=
ac_cv_env_DBG_CFLAGS_set=
ac_cv_env_DBG_CFLAGS_value=
ac_cv_env_DBG_CXXFLAGS_set=
ac_cv_env_DBG_CXXFLAGS_value=
ac_cv_env_DBG_FFLAGS_set=
ac_cv_env_DBG_FFLAGS_value=
ac_cv_env_F77_set=
ac_cv_env_F77_value=
ac_cv_env_FFLAGS_set=
ac_cv_env_FFLAGS_value=
ac_cv_env_LDFLAGS_set=
ac_cv_env_LDFLAGS_value=
ac_cv_env_MPICC_set=
ac_cv_env_MPICC_value=
ac_cv_env_MPICXX_set=
ac_cv_env_MPICXX_value=
ac_cv_env_MPIF77_set=
ac_cv_env_MPIF77_value=
ac_cv_env_OPT_CFLAGS_set=
ac_cv_env_OPT_CFLAGS_value=
ac_cv_env_OPT_CXXFLAGS_set=
ac_cv_env_OPT_CXXFLAGS_value=
ac_cv_env_OPT_FFLAGS_set=
ac_cv_env_OPT_FFLAGS_value=
ac_cv_env_PKG_CONFIG_set=
ac_cv_env_PKG_CONFIG_value=
ac_cv_env_build_alias_set=
ac_cv_env_build_alias_value=
ac_cv_env_host_alias_set=
ac_cv_env_host_alias_value=
ac_cv_env_target_alias_set=
ac_cv_env_target_alias_value=
ac_cv_exeext=
ac_cv_have_decl_finite=yes
ac_cv_have_decl_isfinite=no
ac_cv_have_decl_isnan=no
ac_cv_have_decl_std__isnan_42_42_=yes
ac_cv_header_cfloat=yes
ac_cv_header_cieeefp=no
ac_cv_header_cinttypes=yes
ac_cv_header_cmath=yes
ac_cv_header_cstdint=yes
ac_cv_header_endian_h=yes
ac_cv_header_ieeefp_h=no
ac_cv_header_windows_h=no
ac_cv_objext=o
ac_cv_path_install='/usr/bin/install -c'
ac_cv_prog_AWK=gawk
ac_cv_prog_ac_ct_CC=gcc
ac_cv_prog_ac_ct_CXX=g++
ac_cv_prog_ac_ct_PKG_CONFIG=pkg-config
ac_cv_prog_cc_g=yes
ac_cv_prog_cc_stdc=
ac_cv_prog_coin_doxy_usedot=YES
ac_cv_prog_coin_have_doxygen=no
ac_cv_prog_coin_have_latex=yes
ac_cv_prog_cxx_g=yes
ac_cv_prog_egrep='grep -E'
ac_cv_prog_have_svnversion=no
ac_cv_prog_make_make_set=yes
ac_cv_type_int64_t=yes
ac_cv_type_intptr_t=yes
am_cv_CC_dependencies_compiler_type=gcc3
am_cv_CXX_dependencies_compiler_type=gcc3

## ----------------- ##
## Output variables. ##
## ----------------- ##

ABSBUILDDIR='/home/adair/Documents/CAD/sscs-ose-code-a-chip.github.io/ISSCC25/submitted_notebooks/current_mirror_ota_optimization/ALIGN-public/_skbuild/linux-x86_64-3.10/cmake-build/_deps/cbc-src/CoinUtils'
ACLOCAL='${SHELL} /home/adair/Documents/CAD/sscs-ose-code-a-chip.github.io/ISSCC25/submitted_notebooks/current_mirror_ota_optimization/ALIGN-public/_skbuild/linux-x86_64-3.10/cmake-build/_deps/cbc-src/CoinUtils/missing --run aclocal-1.9'
ADD_CFLAGS=''
ADD_CXXFLAGS=''
ADD_FFLAGS=''
ALWAYS_FALSE_FALSE=''
ALWAYS_FALSE_TRUE='#'
AMDEPBACKSLASH='\'
AMDEP_FALSE='#'
AMDEP_TRUE=''
AMTAR='${SHELL} /home/adair/Documents/CAD/sscs-ose-code-a-chip.github.io/ISSCC25/submitted_notebooks/current_mirror_ota_optimization/ALIGN-public/_skbuild/linux-x86_64-3.10/cmake-build/_deps/cbc-src/CoinUtils/missing --run tar'
AR='ar'
AUTOCONF='${SHELL} /home/adair/Documents/CAD/sscs-ose-code-a-chip.github.io/ISSCC25/submitted_notebooks/current_mirror_ota_optimization/ALIGN-public/_skbuild/linux-x86_64-3.10/cmake-build/_deps/cbc-src/CoinUtils/missing --run autoconf'
AUTOHEADER='${SHELL} /home/adair/Documents/CAD/sscs-ose-code-a-chip.github.io/ISSCC25/submitted_notebooks/current_mirror_ota_optimization/ALIGN-public/_skbuild/linux-x86_64-3.10/cmake-build/_deps/cbc-src/CoinUtils/missing --run autoheader'
AUTOMAKE='${SHELL} /home/adair/Documents/CAD/sscs-ose-code-a-chip.github.io/ISSCC25/submitted_notebooks/current_mirror_ota_optimization/ALIGN-public/_skbuild/linux-x86_64-3.10/cmake-build/_deps/cbc-src/CoinUtils/missing --run automake-1.9'
AUX_DIR=''
AWK='gawk'
BLAS_CFLAGS=''
BLAS_CFLAGS_INSTALLED=''
BLAS_DATA=''
BLAS_DATA_INSTALLED=''
BLAS_DEPENDENCIES=''
BLAS_LIBS=''
BLAS_LIBS_INSTALLED=''
BUILDTOOLSDIR=''
CC='gcc'
CCDEPMODE='depmode=gcc3'
CDEFS=''
CFLAGS='-O3 -pipe -DNDEBUG -Wimplicit -Wparentheses -Wsequence-point -Wreturn-type -Wcast-qual -Wall -Wno-unknown-pragmas -Wno-long-long   -DCOINUTILS_BUILD'
COINUTILSLIB_CFLAGS=''
COINUTILSLIB_CFLAGS_INSTALLED=''
COINUTILSLIB_DEPENDENCIES=''
COINUTILSLIB_LIBS='-lm '
COINUTILSLIB_LIBS_INSTALLED='-lm '
COINUTILSLIB_PCLIBS='-lm '
COINUTILSLIB_PCREQUIRES=''
COINUTILS_SVN_REV=''
COIN_CC_IS_CL_FALSE=''
COIN_CC_IS_CL_TRUE='#'
COIN_CXX_IS_CL_FALSE=''
COIN_CXX_IS_CL_TRUE='#'
COIN_HAS_BLAS_FALSE=''
COIN_HAS_BLAS_TRUE='#'
COIN_HAS_DOXYGEN_FALSE=''
COIN_HAS_DOXYGEN_TRUE='#'
COIN_HAS_GLPK_FALSE=''
COIN_HAS_GLPK_TRUE='#'
COIN_HAS_LAPACK_FALSE=''
COIN_HAS_LAPACK_TRUE='#'
COIN_HAS_LATEX_FALSE='#'
COIN_HAS_LATEX_TRUE=''
COIN_HAS_NETLIB_FALSE=''
COIN_HAS_NETLIB_TRUE='#'
COIN_HAS_PKGCONFIG_FALSE='#'
COIN_HAS_PKGCONFIG_TRUE=''
COIN_HAS_SAMPLE_FALSE='#'
COIN_HAS_SAMPLE_TRUE=''
COIN_HAS_ZLIB_FALSE=''
COIN_HAS_ZLIB_TRUE='#'
COIN_PKG_CONFIG_PATH='/home/adair/Documents/CAD/sscs-ose-code-a-chip.github.io/ISSCC25/submitted_notebooks/current_mirror_ota_optimization/ALIGN-public/_skbuild/linux-x86_64-3.10/cmake-build/_deps/cbc-build/lib64/pkgconfig:/home/adair/Documents/CAD/sscs-ose-code-a-chip.github.io/ISSCC25/submitted_notebooks/current_mirror_ota_optimization/ALIGN-public/_skbuild/linux-x86_64-3.10/cmake-build/_deps/cbc-build/lib/pkgconfig:/home/adair/Documents/CAD/sscs-ose-code-a-chip.github.io/ISSCC25/submitted_notebooks/current_mirror_ota_optimization/ALIGN-public/_skbuild/linux-x86_64-3.10/cmake-build/_deps/cbc-build/share/pkgconfig:'
COIN_PKG_CONFIG_PATH_UNINSTALLED='/home/adair/Documents/CAD/sscs-ose-code-a-chip.github.io/ISSCC25/submitted_notebooks/current_mirror_ota_optimization/ALIGN-public/_skbuild/linux-x86_64-3.10/cmake-build/_deps/cbc-src/Cbc:/home/adair/Documents/CAD/sscs-ose-code-a-chip.github.io/ISSCC25/submitted_notebooks/current_mirror_ota_optimization/ALIGN-public/_skbuild/linux-x86_64-3.10/cmake-build/_deps/cbc-src/Cgl:/home/adair/Documents/CAD/sscs-ose-code-a-chip.github.io/ISSCC25/submitted_notebooks/current_mirror_ota_optimization/ALIGN-public/_skbuild/linux-x86_64-3.10/cmake-build/_deps/cbc-src/Clp:/home/adair/Documents/CAD/sscs-ose-code-a-chip.github.io/ISSCC25/submitted_notebooks/current_mirror_ota_optimization/ALIGN-public/_skbuild/linux-x86_64-3.10/cmake-build/_deps/cbc-src/Osi:/home/adair/Documents/CAD/sscs-ose-code-a-chip.github.io/ISSCC25/submitted_notebooks/current_mirror_ota_optimization/ALIGN-public/_skbuild/linux-x86_64-3.10/cmake-build/_deps/cbc-src/CoinUtils:/home/adair/Documents/CAD/sscs-ose-code-a-chip.github.io/ISSCC25/submitted_notebooks/current_mirror_ota_optimization/ALIGN-public/_skbuild/linux-x86_64-3.10/cmake-build/_deps/cbc-src/Data/miplib3:/home/adair/Documents/CAD/sscs-ose-code-a-chip.github.io/ISSCC25/submitted_notebooks/current_mirror_ota_optimization/ALIGN-public/_skbuild/linux-x86_64-3.10/cmake-build/_deps/cbc-src/Data/Sample:'
CPP='gcc -E'
CPPFLAGS=''
CXX='g++'
CXXCPP='g++ -E'
CXXDEFS=''
CXXDEPMODE='depmode=gcc3'
CXXFLAGS='-O3 -pipe -DNDEBUG -Wparentheses -Wreturn-type -Wcast-qual -Wall -Wpointer-arith -Wwrite-strings -Wconversion -Wno-unknown-pragmas -Wno-long-long   -DCOINUTILS_BUILD'
CYGPATH_W='echo'
DBG_CFLAGS='-g -O0 -pipe -Wimplicit -Wparentheses -Wsequence-point -Wreturn-type -Wcast-qual -Wall -Wno-unknown-pragmas -Wno-long-long  '
DBG_CXXFLAGS='-g -O0 -pipe -Wparentheses -Wreturn-type -Wcast-qual -Wall -Wpointer-arith -Wwrite-strings -Wconversion -Wno-unknown-pragmas -Wno-long-long  '
DBG_FFLAGS=' '
DEFS='-DHAVE_CONFIG_H'
DEPDIR='.deps'
DEPENDENCY_LINKING_FALSE='#'
DEPENDENCY_LINKING_TRUE=''
ECHO='echo'
ECHO_C=''
ECHO_N='-n'
ECHO_T=''
EGREP='grep -E'
EXEEXT=''
F77='unavailable'
FFLAGS=' '
FLIBS=''
GLPK_CFLAGS=''
GLPK_CFLAGS_INSTALLED=''
GLPK_DATA=''
GLPK_DATA_INSTALLED=''
GLPK_DEPENDENCIES=''
GLPK_LIBS=''
GLPK_LIBS_INSTALLED=''
HAVE_EXTERNALS_FALSE=''
HAVE_EXTERNALS_TRUE='#'
INSTALL_DATA='${INSTALL} -m 644'
INSTALL_PROGRAM='${INSTALL}'
INSTALL_SCRIPT='${INSTALL}'
INSTALL_STRIP_PROGRAM='${SHELL} $(install_sh) -c -s'
LAPACK_CFLAGS=''
LAPACK_CFLAGS_INSTALLED=''
LAPACK_DATA=''
LAPACK_DATA_INSTALLED=''
LAPACK_DEPENDENCIES=''
LAPACK_LIBS=''
LAPACK_LIBS_INSTALLED=''
LDFLAGS=''
LIBEXT='a'
LIBOBJS=''
LIBS=''
LIBTOOL='$(SHELL) $(top_builddir)/../libtool'
LIBTOOLM4=''
LN_S='ln -s'
LTLIBOBJS=''
LT_LDFLAGS='-no-undefined -version-info 14:4:11'
MAINT='#'
MAINTAINER_MODE_FALSE=''
MAINTAINER_MODE_TRUE='#'
MAKEINFO='${SHELL} /home/adair/Documents/CAD/sscs-ose-code-a-chip.github.io/ISSCC25/submitted_notebooks/current_mirror_ota_optimization/ALIGN-public/_skbuild/linux-x86_64-3.10/cmake-build/_deps/cbc-src/CoinUtils/missing --run makeinfo'
MPICC=''
MPICXX=''
MPIF77=''
NETLIB_CFLAGS=''
NETLIB_CFLAGS_INSTALLED=''
NETLIB_DATA=''
NETLIB_DATA_INSTALLED=''
NETLIB_DEPENDENCIES=''
NETLIB_LIBS=''
NETLIB_LIBS_INSTALLED=''
OBJEXT='o'
OPT_CFLAGS='-O3 -pipe -DNDEBUG -Wimplicit -Wparentheses -Wsequence-point -Wreturn-type -Wcast-qual -Wall -Wno-unknown-pragmas -Wno-long-long  '
OPT_CXXFLAGS='-O3 -pipe -DNDEBUG -Wparentheses -Wreturn-type -Wcast-qual -Wall -Wpointer-arith -Wwrite-strings -Wconversion -Wno-unknown-pragmas -Wno-long-long  '
OPT_FFLAGS=' '
PACKAGE='coinutils'
PACKAGE_BUGREPORT='http://projects.coin-or.org/CoinUtils'
PACKAGE_NAME='CoinUtils'
PACKAGE_STRING='CoinUtils 2.11.4'
PACKAGE_TARNAME='coinutils'
PACKAGE_VERSION='2.11.4'
PATH_SEPARATOR=':'
PKG_CONFIG='pkg-config'
RANLIB='ranlib'
RPATH_FLAGS=' -Wl,--rpath -Wl,/home/adair/Documents/CAD/sscs-ose-code-a-chip.github.io/ISSCC25/submitted_notebooks/current_mirror_ota_optimization/ALIGN-public/_skbuild/linux-x86_64-3.10/cmake-build/_deps/cbc-build/lib'
SAMPLE_CFLAGS=''
SAMPLE_CFLAGS_INSTALLED=''
SAMPLE_DATA='/home/adair/Documents/CAD/sscs-ose-code-a-chip.github.io/ISSCC25/submitted_notebooks/current_mirror_ota_optimization/ALIGN-public/_skbuild/linux-x86_64-3.10/cmake-build/_deps/cbc-src/Data/Sample'
SAMPLE_DATA_INSTALLED=''
SAMPLE_DEPENDENCIES=' '
SAMPLE_LIBS=''
SAMPLE_LIBS_INSTALLED=''
SET_MAKE=''
SHELL='/bin/bash'
STRIP='strip'
VERSION='2.11.4'
VPATH_DISTCLEANFILES=''
abs_bin_dir='/home/adair/Documents/CAD/sscs-ose-code-a-chip.github.io/ISSCC25/submitted_notebooks/current_mirror_ota_optimization/ALIGN-public/_skbuild/linux-x86_64-3.10/cmake-build/_deps/cbc-build/bin'
abs_include_dir='/home/adair/Documents/CAD/sscs-ose-code-a-chip.github.io/ISSCC25/submitted_notebooks/current_mirror_ota_optimization/ALIGN-public/_skbuild/linux-x86_64-3.10/cmake-build/_deps/cbc-build/include'
abs_lib_dir='/home/adair/Documents/CAD/sscs-ose-code-a-chip.github.io/ISSCC25/submitted_notebooks/current_mirror_ota_optimization/ALIGN-public/_skbuild/linux-x86_64-3.10/cmake-build/_deps/cbc-build/lib'
abs_source_dir='/home/adair/Documents/CAD/sscs-ose-code-a-chip.github.io/ISSCC25/submitted_notebooks/current_mirror_ota_optimization/ALIGN-public/_skbuild/linux-x86_64-3.10/cmake-build/_deps/cbc-src/CoinUtils'
ac_c_preproc_warn_flag=''
ac_ct_AR='ar'
ac_ct_CC='gcc'
ac_ct_CXX='g++'
ac_ct_F77='unavailable'
ac_ct_PKG_CONFIG='pkg-config'
ac_ct_RANLIB='ranlib'
ac_ct_STRIP='strip'
ac_cxx_preproc_warn_flag=''
am__fastdepCC_FALSE='#'
am__fastdepCC_TRUE=''
am__fastdepCXX_FALSE='#'
am__fastdepCXX_TRUE=''
am__include='include'
am__leading_dot='.'
am__quote=''
am__tar='${AMTAR} chof - "$$tardir"'
am__untar='${AMTAR} xf -'
bindir='${exec_prefix}/bin'
build='x86_64-unknown-linux-gnu'
build_alias=''
build_cpu='x86_64'
build_os='linux-gnu'
build_vendor='unknown'
coin_doxy_excludes=''
coin_doxy_logname='doxydoc/coinutils_doxy.log'
coin_doxy_tagfiles=''
coin_doxy_tagname='doxydoc/coinutils_doxy.tag'
coin_doxy_usedot='YES'
coin_have_doxygen='no'
coin_have_latex='yes'
datadir='${prefix}/share'
dos2unix=''
exec_prefix='${prefix}'
have_autoconf=''
have_automake=''
have_svn=''
have_svnversion='no'
host='x86_64-unknown-linux-gnu'
host_alias=''
host_cpu='x86_64'
host_os='linux-gnu'
host_vendor='unknown'
includedir='${prefix}/include'
infodir='${prefix}/info'
install_sh='/home/adair/Documents/CAD/sscs-ose-code-a-chip.github.io/ISSCC25/submitted_notebooks/current_mirror_ota_optimization/ALIGN-public/_skbuild/linux-x86_64-3.10/cmake-build/_deps/cbc-src/CoinUtils/install-sh'
libdir='${exec_prefix}/lib'
libexecdir='${exec_prefix}/libexec'
localstatedir='${prefix}/var'
mandir='${prefix}/man'
mkdir_p='mkdir -p --'
oldincludedir='/usr/include'
prefix='/home/adair/Documents/CAD/sscs-ose-code-a-chip.github.io/ISSCC25/submitted_notebooks/current_mirror_ota_optimization/ALIGN-public/_skbuild/linux-x86_64-3.10/cmake-build/_deps/cbc-build'
program_transform_name='s,x,x,'
sbindir='${exec_prefix}/sbin'
sharedstatedir='${prefix}/com'
sol_cc_compiler=''
sysconfdir='${prefix}/etc'
target_alias=''

## ----------- ##
## confdefs.h. ##
## ----------- ##

#define COINUTILS_HAS_CSTDINT 1
#define COINUTILS_MEMPOOL_MAXPOOLED -1
#define COINUTILS_VERSION "2.11.4"
#define COINUTILS_VERSION_MAJOR 2
#define COINUTILS_VERSION_MINOR 11
#define COINUTILS_VERSION_RELEASE 4
#define COIN_COINUTILS_CHECKLEVEL 0
#define COIN_COINUTILS_VERBOSITY 0
#define COIN_C_FINITE finite
#define COIN_C_ISNAN std::isnan
#define COIN_HAS_SAMPLE 1
#define COIN_INT64_T int64_t
#define COIN_INTPTR_T intptr_t
#define COIN_UINT64_T int64_t
#define HAVE_CFLOAT 1
#define HAVE_CFLOAT 1
#define HAVE_CINTTYPES 1
#define HAVE_CMATH 1
#define HAVE_CMATH 1
#define HAVE_CSTDINT 1
#define HAVE_DLFCN_H 1
#define HAVE_ENDIAN_H 1
#define HAVE_INTTYPES_H 1
#define HAVE_MEMORY_H 1
#define HAVE_STDINT_H 1
#define HAVE_STDLIB_H 1
#define HAVE_STRINGS_H 1
#define HAVE_STRING_H 1
#define HAVE_SYS_STAT_H 1
#define HAVE_SYS_TYPES_H 1
#define HAVE_UNISTD_H 1
#define PACKAGE "coinutils"
#define PACKAGE_BUGREPORT "http://projects.coin-or.org/CoinUtils"
#define PACKAGE_NAME "CoinUtils"
#define PACKAGE_STRING "CoinUtils 2.11.4"
#define PACKAGE_TARNAME "coinutils"
#define PACKAGE_VERSION "2.11.4"
#define STDC_HEADERS 1
#define VERSION "2.11.4"
#endif
#ifdef __cplusplus
extern "C" void std::exit (int) throw (); using std::exit;

configure: exit 0
